{"/home/dell/Practical-Assesment/Employee-manager/src/Controllers/Employee.Controller.ts": {"path":"/home/dell/Practical-Assesment/Employee-manager/src/Controllers/Employee.Controller.ts","statementMap":{"0":{"start":{"line":2,"column":0},"end":{"line":2,"column":51}},"1":{"start":{"line":3,"column":0},"end":{"line":3,"column":59}},"2":{"start":{"line":6,"column":10},"end":{"line":6,"column":67}},"3":{"start":{"line":8,"column":4},"end":{"line":8,"column":55}},"4":{"start":{"line":9,"column":4},"end":{"line":9,"column":57}},"5":{"start":{"line":10,"column":4},"end":{"line":10,"column":75}},"6":{"start":{"line":11,"column":4},"end":{"line":11,"column":69}},"7":{"start":{"line":12,"column":4},"end":{"line":12,"column":57}},"8":{"start":{"line":16,"column":4},"end":{"line":24,"column":null}},"9":{"start":{"line":17,"column":28},"end":{"line":17,"column":79}},"10":{"start":{"line":18,"column":6},"end":{"line":20,"column":62}},"11":{"start":{"line":22,"column":6},"end":{"line":22,"column":25}},"12":{"start":{"line":23,"column":6},"end":{"line":23,"column":77}},"13":{"start":{"line":28,"column":4},"end":{"line":36,"column":null}},"14":{"start":{"line":29,"column":23},"end":{"line":29,"column":74}},"15":{"start":{"line":30,"column":6},"end":{"line":32,"column":72}},"16":{"start":{"line":34,"column":6},"end":{"line":34,"column":25}},"17":{"start":{"line":35,"column":6},"end":{"line":35,"column":77}},"18":{"start":{"line":44,"column":4},"end":{"line":57,"column":null}},"19":{"start":{"line":45,"column":25},"end":{"line":45,"column":38}},"20":{"start":{"line":47,"column":8},"end":{"line":47,"column":70}},"21":{"start":{"line":48,"column":6},"end":{"line":50,"column":null}},"22":{"start":{"line":49,"column":8},"end":{"line":49,"column":80}},"23":{"start":{"line":51,"column":6},"end":{"line":53,"column":70}},"24":{"start":{"line":55,"column":6},"end":{"line":55,"column":25}},"25":{"start":{"line":56,"column":6},"end":{"line":56,"column":77}},"26":{"start":{"line":65,"column":4},"end":{"line":79,"column":null}},"27":{"start":{"line":66,"column":25},"end":{"line":66,"column":41}},"28":{"start":{"line":68,"column":8},"end":{"line":68,"column":70}},"29":{"start":{"line":69,"column":6},"end":{"line":71,"column":null}},"30":{"start":{"line":70,"column":8},"end":{"line":70,"column":80}},"31":{"start":{"line":72,"column":6},"end":{"line":72,"column":76}},"32":{"start":{"line":73,"column":6},"end":{"line":75,"column":70}},"33":{"start":{"line":77,"column":6},"end":{"line":77,"column":25}},"34":{"start":{"line":78,"column":6},"end":{"line":78,"column":77}},"35":{"start":{"line":83,"column":4},"end":{"line":104,"column":null}},"36":{"start":{"line":84,"column":25},"end":{"line":84,"column":41}},"37":{"start":{"line":86,"column":8},"end":{"line":86,"column":70}},"38":{"start":{"line":88,"column":6},"end":{"line":90,"column":null}},"39":{"start":{"line":89,"column":8},"end":{"line":89,"column":80}},"40":{"start":{"line":91,"column":6},"end":{"line":91,"column":60}},"41":{"start":{"line":92,"column":6},"end":{"line":100,"column":10}},"42":{"start":{"line":102,"column":6},"end":{"line":102,"column":25}},"43":{"start":{"line":103,"column":6},"end":{"line":103,"column":77}},"44":{"start":{"line":5,"column":0},"end":{"line":5,"column":21}}},"fnMap":{"0":{"name":"(anonymous_8)","decl":{"start":{"line":7,"column":2},"end":{"line":7,"column":null}},"loc":{"start":{"line":7,"column":2},"end":{"line":13,"column":3}}},"1":{"name":"(anonymous_9)","decl":{"start":{"line":15,"column":15},"end":{"line":15,"column":28}},"loc":{"start":{"line":15,"column":76},"end":{"line":25,"column":null}}},"2":{"name":"(anonymous_11)","decl":{"start":{"line":27,"column":15},"end":{"line":27,"column":29}},"loc":{"start":{"line":27,"column":77},"end":{"line":37,"column":null}}},"3":{"name":"(anonymous_13)","decl":{"start":{"line":39,"column":15},"end":{"line":39,"column":38}},"loc":{"start":{"line":42,"column":22},"end":{"line":58,"column":null}}},"4":{"name":"(anonymous_15)","decl":{"start":{"line":60,"column":15},"end":{"line":60,"column":35}},"loc":{"start":{"line":63,"column":22},"end":{"line":80,"column":null}}},"5":{"name":"(anonymous_17)","decl":{"start":{"line":82,"column":15},"end":{"line":82,"column":29}},"loc":{"start":{"line":82,"column":77},"end":{"line":105,"column":null}}}},"branchMap":{"0":{"loc":{"start":{"line":48,"column":6},"end":{"line":50,"column":null}},"type":"if","locations":[{"start":{"line":48,"column":6},"end":{"line":50,"column":null}}]},"1":{"loc":{"start":{"line":69,"column":6},"end":{"line":71,"column":null}},"type":"if","locations":[{"start":{"line":69,"column":6},"end":{"line":71,"column":null}}]},"2":{"loc":{"start":{"line":88,"column":6},"end":{"line":90,"column":null}},"type":"if","locations":[{"start":{"line":88,"column":6},"end":{"line":90,"column":null}}]}},"s":{"0":1,"1":1,"2":1,"3":1,"4":1,"5":1,"6":1,"7":1,"8":1,"9":1,"10":1,"11":0,"12":0,"13":5,"14":5,"15":5,"16":0,"17":0,"18":2,"19":2,"20":2,"21":2,"22":1,"23":1,"24":0,"25":0,"26":2,"27":2,"28":2,"29":2,"30":1,"31":1,"32":1,"33":0,"34":0,"35":2,"36":2,"37":2,"38":2,"39":1,"40":1,"41":1,"42":0,"43":0,"44":1},"f":{"0":1,"1":1,"2":5,"3":2,"4":2,"5":2},"b":{"0":[1],"1":[1],"2":[1]}}
,"/home/dell/Practical-Assesment/Employee-manager/src/Middleware/Validation.ts": {"path":"/home/dell/Practical-Assesment/Employee-manager/src/Middleware/Validation.ts","statementMap":{"0":{"start":{"line":3,"column":19},"end":{"line":22,"column":1}},"1":{"start":{"line":4,"column":2},"end":{"line":21,"column":4}},"2":{"start":{"line":5,"column":22},"end":{"line":7,"column":6}},"3":{"start":{"line":8,"column":18},"end":{"line":8,"column":31}},"4":{"start":{"line":9,"column":4},"end":{"line":20,"column":null}},"5":{"start":{"line":10,"column":6},"end":{"line":10,"column":13}},"6":{"start":{"line":12,"column":26},"end":{"line":12,"column":31}},"7":{"start":{"line":13,"column":33},"end":{"line":13,"column":35}},"8":{"start":{"line":14,"column":6},"end":{"line":18,"column":9}},"9":{"start":{"line":15,"column":8},"end":{"line":17,"column":10}},"10":{"start":{"line":19,"column":6},"end":{"line":19,"column":44}},"11":{"start":{"line":23,"column":0},"end":{"line":23,"column":26}}},"fnMap":{"0":{"name":"(anonymous_0)","decl":{"start":{"line":3,"column":19},"end":{"line":3,"column":20}},"loc":{"start":{"line":3,"column":35},"end":{"line":22,"column":1}}},"1":{"name":"(anonymous_1)","decl":{"start":{"line":4,"column":9},"end":{"line":4,"column":10}},"loc":{"start":{"line":4,"column":61},"end":{"line":21,"column":3}}},"2":{"name":"(anonymous_2)","decl":{"start":{"line":14,"column":22},"end":{"line":14,"column":23}},"loc":{"start":{"line":14,"column":38},"end":{"line":18,"column":7}}}},"branchMap":{"0":{"loc":{"start":{"line":9,"column":4},"end":{"line":20,"column":null}},"type":"if","locations":[{"start":{"line":9,"column":4},"end":{"line":20,"column":null}},{"start":{"line":11,"column":11},"end":{"line":20,"column":null}}]}},"s":{"0":1,"1":2,"2":9,"3":9,"4":9,"5":7,"6":2,"7":2,"8":2,"9":10,"10":2,"11":1},"f":{"0":2,"1":9,"2":10},"b":{"0":[7,2]}}
,"/home/dell/Practical-Assesment/Employee-manager/src/Models/Employee.ts": {"path":"/home/dell/Practical-Assesment/Employee-manager/src/Models/Employee.ts","statementMap":{"0":{"start":{"line":1,"column":0},"end":{"line":1,"column":54}},"1":{"start":{"line":12,"column":23},"end":{"line":46,"column":null}},"2":{"start":{"line":41,"column":8},"end":{"line":41,"column":23}},"3":{"start":{"line":42,"column":8},"end":{"line":42,"column":30}},"4":{"start":{"line":43,"column":8},"end":{"line":43,"column":30}},"5":{"start":{"line":49,"column":17},"end":{"line":49,"column":77}},"6":{"start":{"line":50,"column":9},"end":{"line":50,"column":17}}},"fnMap":{"0":{"name":"(anonymous_6)","decl":{"start":{"line":40,"column":6},"end":{"line":40,"column":15}},"loc":{"start":{"line":40,"column":24},"end":{"line":44,"column":7}}}},"branchMap":{},"s":{"0":1,"1":1,"2":7,"3":7,"4":7,"5":1,"6":1},"f":{"0":7},"b":{}}
,"/home/dell/Practical-Assesment/Employee-manager/src/Repository/Employee.Repository.ts": {"path":"/home/dell/Practical-Assesment/Employee-manager/src/Repository/Employee.Repository.ts","statementMap":{"0":{"start":{"line":2,"column":0},"end":{"line":2,"column":46}},"1":{"start":{"line":10,"column":16},"end":{"line":10,"column":28}},"2":{"start":{"line":11,"column":20},"end":{"line":11,"column":34}},"3":{"start":{"line":12,"column":21},"end":{"line":12,"column":23}},"4":{"start":{"line":13,"column":25},"end":{"line":13,"column":27}},"5":{"start":{"line":14,"column":4},"end":{"line":14,"column":65}},"6":{"start":{"line":15,"column":4},"end":{"line":15,"column":44}},"7":{"start":{"line":16,"column":26},"end":{"line":16,"column":62}},"8":{"start":{"line":17,"column":4},"end":{"line":17,"column":25}},"9":{"start":{"line":21,"column":21},"end":{"line":21,"column":48}},"10":{"start":{"line":22,"column":4},"end":{"line":22,"column":20}},"11":{"start":{"line":26,"column":27},"end":{"line":26,"column":56}},"12":{"start":{"line":27,"column":4},"end":{"line":27,"column":26}},"13":{"start":{"line":31,"column":27},"end":{"line":33,"column":6}},"14":{"start":{"line":34,"column":4},"end":{"line":34,"column":26}},"15":{"start":{"line":38,"column":27},"end":{"line":38,"column":58}},"16":{"start":{"line":39,"column":4},"end":{"line":39,"column":26}},"17":{"start":{"line":3,"column":0},"end":{"line":3,"column":21}}},"fnMap":{"0":{"name":"(anonymous_7)","decl":{"start":{"line":4,"column":15},"end":{"line":4,"column":28}},"loc":{"start":{"line":8,"column":19},"end":{"line":18,"column":null}}},"1":{"name":"(anonymous_9)","decl":{"start":{"line":20,"column":15},"end":{"line":20,"column":29}},"loc":{"start":{"line":20,"column":52},"end":{"line":23,"column":null}}},"2":{"name":"(anonymous_11)","decl":{"start":{"line":25,"column":15},"end":{"line":25,"column":38}},"loc":{"start":{"line":25,"column":49},"end":{"line":28,"column":null}}},"3":{"name":"(anonymous_13)","decl":{"start":{"line":30,"column":15},"end":{"line":30,"column":35}},"loc":{"start":{"line":30,"column":70},"end":{"line":35,"column":null}}},"4":{"name":"(anonymous_15)","decl":{"start":{"line":37,"column":15},"end":{"line":37,"column":29}},"loc":{"start":{"line":37,"column":40},"end":{"line":40,"column":null}}}},"branchMap":{"0":{"loc":{"start":{"line":10,"column":16},"end":{"line":10,"column":28}},"type":"binary-expr","locations":[{"start":{"line":10,"column":16},"end":{"line":10,"column":22}},{"start":{"line":10,"column":26},"end":{"line":10,"column":28}}]},"1":{"loc":{"start":{"line":11,"column":20},"end":{"line":11,"column":34}},"type":"binary-expr","locations":[{"start":{"line":11,"column":20},"end":{"line":11,"column":24}},{"start":{"line":11,"column":28},"end":{"line":11,"column":34}}]}},"s":{"0":1,"1":1,"2":1,"3":1,"4":1,"5":1,"6":1,"7":1,"8":1,"9":5,"10":5,"11":6,"12":6,"13":1,"14":1,"15":1,"16":1,"17":1},"f":{"0":1,"1":5,"2":6,"3":1,"4":1},"b":{"0":[1,1],"1":[1,1]}}
,"/home/dell/Practical-Assesment/Employee-manager/src/Routes/Employee.ts": {"path":"/home/dell/Practical-Assesment/Employee-manager/src/Routes/Employee.ts","statementMap":{"0":{"start":{"line":1,"column":0},"end":{"line":1,"column":30}},"1":{"start":{"line":2,"column":0},"end":{"line":2,"column":68}},"2":{"start":{"line":3,"column":0},"end":{"line":3,"column":50}},"3":{"start":{"line":4,"column":0},"end":{"line":4,"column":68}},"4":{"start":{"line":6,"column":23},"end":{"line":6,"column":39}},"5":{"start":{"line":7,"column":27},"end":{"line":7,"column":51}},"6":{"start":{"line":9,"column":0},"end":{"line":9,"column":58}},"7":{"start":{"line":10,"column":0},"end":{"line":14,"column":2}},"8":{"start":{"line":15,"column":0},"end":{"line":15,"column":71}},"9":{"start":{"line":16,"column":0},"end":{"line":20,"column":2}},"10":{"start":{"line":21,"column":0},"end":{"line":21,"column":68}},"11":{"start":{"line":24,"column":0},"end":{"line":24,"column":30}}},"fnMap":{},"branchMap":{},"s":{"0":1,"1":1,"2":1,"3":1,"4":1,"5":1,"6":1,"7":1,"8":1,"9":1,"10":1,"11":1},"f":{},"b":{}}
,"/home/dell/Practical-Assesment/Employee-manager/src/Routes/Index.ts": {"path":"/home/dell/Practical-Assesment/Employee-manager/src/Routes/Index.ts","statementMap":{"0":{"start":{"line":1,"column":0},"end":{"line":1,"column":33}},"1":{"start":{"line":2,"column":0},"end":{"line":2,"column":40}},"2":{"start":{"line":4,"column":15},"end":{"line":4,"column":23}},"3":{"start":{"line":6,"column":0},"end":{"line":6,"column":40}},"4":{"start":{"line":8,"column":0},"end":{"line":8,"column":22}}},"fnMap":{},"branchMap":{},"s":{"0":1,"1":1,"2":1,"3":1,"4":1},"f":{},"b":{}}
,"/home/dell/Practical-Assesment/Employee-manager/src/SchemaValidation/EmployeeSchema.ts": {"path":"/home/dell/Practical-Assesment/Employee-manager/src/SchemaValidation/EmployeeSchema.ts","statementMap":{"0":{"start":{"line":1,"column":0},"end":{"line":1,"column":22}},"1":{"start":{"line":3,"column":13},"end":{"line":45,"column":3}}},"fnMap":{},"branchMap":{},"s":{"0":1,"1":1},"f":{},"b":{}}
,"/home/dell/Practical-Assesment/Employee-manager/src/Services/Employee.Service.ts": {"path":"/home/dell/Practical-Assesment/Employee-manager/src/Services/Employee.Service.ts","statementMap":{"0":{"start":{"line":1,"column":0},"end":{"line":1,"column":58}},"1":{"start":{"line":3,"column":0},"end":{"line":3,"column":67}},"2":{"start":{"line":6,"column":10},"end":{"line":6,"column":76}},"3":{"start":{"line":87,"column":2},"end":{"line":98,"column":4}},"4":{"start":{"line":88,"column":4},"end":{"line":97,"column":6}},"5":{"start":{"line":9,"column":4},"end":{"line":21,"column":null}},"6":{"start":{"line":10,"column":49},"end":{"line":10,"column":53}},"7":{"start":{"line":11,"column":28},"end":{"line":15,"column":null}},"8":{"start":{"line":17,"column":6},"end":{"line":17,"column":27}},"9":{"start":{"line":19,"column":6},"end":{"line":19,"column":25}},"10":{"start":{"line":20,"column":6},"end":{"line":20,"column":18}},"11":{"start":{"line":25,"column":35},"end":{"line":25,"column":64}},"12":{"start":{"line":26,"column":4},"end":{"line":26,"column":31}},"13":{"start":{"line":27,"column":4},"end":{"line":39,"column":null}},"14":{"start":{"line":28,"column":23},"end":{"line":29,"column":null}},"15":{"start":{"line":31,"column":6},"end":{"line":31,"column":34}},"16":{"start":{"line":32,"column":6},"end":{"line":32,"column":22}},"17":{"start":{"line":34,"column":6},"end":{"line":34,"column":25}},"18":{"start":{"line":35,"column":6},"end":{"line":35,"column":33}},"19":{"start":{"line":36,"column":6},"end":{"line":36,"column":18}},"20":{"start":{"line":38,"column":6},"end":{"line":38,"column":27}},"21":{"start":{"line":43,"column":4},"end":{"line":50,"column":null}},"22":{"start":{"line":45,"column":8},"end":{"line":45,"column":65}},"23":{"start":{"line":46,"column":6},"end":{"line":46,"column":37}},"24":{"start":{"line":48,"column":6},"end":{"line":48,"column":25}},"25":{"start":{"line":49,"column":6},"end":{"line":49,"column":18}},"26":{"start":{"line":54,"column":35},"end":{"line":54,"column":64}},"27":{"start":{"line":55,"column":4},"end":{"line":55,"column":31}},"28":{"start":{"line":56,"column":4},"end":{"line":69,"column":null}},"29":{"start":{"line":57,"column":29},"end":{"line":59,"column":null}},"30":{"start":{"line":61,"column":6},"end":{"line":61,"column":34}},"31":{"start":{"line":62,"column":6},"end":{"line":62,"column":28}},"32":{"start":{"line":64,"column":6},"end":{"line":64,"column":25}},"33":{"start":{"line":65,"column":6},"end":{"line":65,"column":33}},"34":{"start":{"line":66,"column":6},"end":{"line":66,"column":18}},"35":{"start":{"line":68,"column":6},"end":{"line":68,"column":27}},"36":{"start":{"line":73,"column":35},"end":{"line":73,"column":64}},"37":{"start":{"line":74,"column":4},"end":{"line":74,"column":31}},"38":{"start":{"line":75,"column":4},"end":{"line":84,"column":null}},"39":{"start":{"line":76,"column":29},"end":{"line":76,"column":77}},"40":{"start":{"line":77,"column":6},"end":{"line":77,"column":34}},"41":{"start":{"line":78,"column":6},"end":{"line":78,"column":28}},"42":{"start":{"line":80,"column":6},"end":{"line":80,"column":33}},"43":{"start":{"line":81,"column":6},"end":{"line":81,"column":18}},"44":{"start":{"line":83,"column":6},"end":{"line":83,"column":27}},"45":{"start":{"line":5,"column":0},"end":{"line":5,"column":21}}},"fnMap":{"0":{"name":"(anonymous_8)","decl":{"start":{"line":5,"column":0},"end":{"line":5,"column":21}},"loc":{"start":{"line":5,"column":0},"end":{"line":99,"column":1}}},"1":{"name":"(anonymous_9)","decl":{"start":{"line":87,"column":20},"end":{"line":87,"column":21}},"loc":{"start":{"line":87,"column":47},"end":{"line":98,"column":3}}},"2":{"name":"(anonymous_10)","decl":{"start":{"line":8,"column":15},"end":{"line":8,"column":28}},"loc":{"start":{"line":8,"column":49},"end":{"line":22,"column":null}}},"3":{"name":"(anonymous_12)","decl":{"start":{"line":24,"column":15},"end":{"line":24,"column":29}},"loc":{"start":{"line":24,"column":52},"end":{"line":40,"column":null}}},"4":{"name":"(anonymous_14)","decl":{"start":{"line":42,"column":15},"end":{"line":42,"column":38}},"loc":{"start":{"line":42,"column":49},"end":{"line":51,"column":null}}},"5":{"name":"(anonymous_16)","decl":{"start":{"line":53,"column":15},"end":{"line":53,"column":35}},"loc":{"start":{"line":53,"column":70},"end":{"line":70,"column":null}}},"6":{"name":"(anonymous_18)","decl":{"start":{"line":72,"column":15},"end":{"line":72,"column":29}},"loc":{"start":{"line":72,"column":40},"end":{"line":85,"column":null}}}},"branchMap":{"0":{"loc":{"start":{"line":95,"column":8},"end":{"line":96,"column":181}},"type":"cond-expr","locations":[{"start":{"line":95,"column":18},"end":{"line":95,"column":null}},{"start":{"line":96,"column":8},"end":{"line":96,"column":181}}]},"1":{"loc":{"start":{"line":95,"column":8},"end":{"line":95,"column":null}},"type":"binary-expr","locations":[{"start":{"line":95,"column":8},"end":{"line":95,"column":null}},{"start":{"line":95,"column":18},"end":{"line":95,"column":null}}]}},"s":{"0":1,"1":1,"2":1,"3":1,"4":6,"5":1,"6":1,"7":1,"8":1,"9":0,"10":0,"11":5,"12":5,"13":5,"14":5,"15":5,"16":5,"17":0,"18":0,"19":0,"20":5,"21":6,"22":6,"23":6,"24":0,"25":0,"26":1,"27":1,"28":1,"29":1,"30":1,"31":1,"32":0,"33":0,"34":0,"35":1,"36":1,"37":1,"38":1,"39":1,"40":1,"41":1,"42":0,"43":0,"44":1,"45":1},"f":{"0":1,"1":6,"2":1,"3":5,"4":6,"5":1,"6":1},"b":{"0":[0,6],"1":[6,6]}}
,"/home/dell/Practical-Assesment/Employee-manager/src/Utils/CommonResponse.ts": {"path":"/home/dell/Practical-Assesment/Employee-manager/src/Utils/CommonResponse.ts","statementMap":{"0":{"start":{"line":1,"column":24},"end":{"line":7,"column":1}},"1":{"start":{"line":6,"column":2},"end":{"line":6,"column":72}},"2":{"start":{"line":1,"column":13},"end":{"line":1,"column":24}}},"fnMap":{"0":{"name":"(anonymous_0)","decl":{"start":{"line":1,"column":24},"end":{"line":1,"column":null}},"loc":{"start":{"line":5,"column":4},"end":{"line":7,"column":1}}}},"branchMap":{"0":{"loc":{"start":{"line":6,"column":59},"end":{"line":6,"column":69}},"type":"cond-expr","locations":[{"start":{"line":6,"column":59},"end":{"line":6,"column":63}},{"start":{"line":6,"column":67},"end":{"line":6,"column":69}}]},"1":{"loc":{"start":{"line":6,"column":59},"end":{"line":6,"column":67}},"type":"binary-expr","locations":[{"start":{"line":6,"column":59},"end":{"line":6,"column":67}},{"start":{"line":6,"column":59},"end":{"line":6,"column":67}}]}},"s":{"0":1,"1":12,"2":1},"f":{"0":12},"b":{"0":[12,0],"1":[12,12]}}
,"/home/dell/Practical-Assesment/Employee-manager/src/Utils/Server.ts": {"path":"/home/dell/Practical-Assesment/Employee-manager/src/Utils/Server.ts","statementMap":{"0":{"start":{"line":1,"column":0},"end":{"line":1,"column":30}},"1":{"start":{"line":2,"column":0},"end":{"line":2,"column":37}},"2":{"start":{"line":3,"column":0},"end":{"line":3,"column":24}},"3":{"start":{"line":6,"column":14},"end":{"line":6,"column":23}},"4":{"start":{"line":7,"column":2},"end":{"line":7,"column":18}},"5":{"start":{"line":8,"column":2},"end":{"line":8,"column":26}},"6":{"start":{"line":9,"column":2},"end":{"line":9,"column":50}},"7":{"start":{"line":10,"column":2},"end":{"line":10,"column":18}},"8":{"start":{"line":12,"column":2},"end":{"line":12,"column":13}},"9":{"start":{"line":14,"column":0},"end":{"line":14,"column":27}}},"fnMap":{"0":{"name":"crateServer","decl":{"start":{"line":5,"column":9},"end":{"line":5,"column":20}},"loc":{"start":{"line":5,"column":20},"end":{"line":13,"column":1}}}},"branchMap":{},"s":{"0":1,"1":1,"2":1,"3":1,"4":1,"5":1,"6":1,"7":1,"8":1,"9":1},"f":{"0":1},"b":{}}
,"/home/dell/Practical-Assesment/Employee-manager/src/__tests__/Payload/Employee.ts": {"path":"/home/dell/Practical-Assesment/Employee-manager/src/__tests__/Payload/Employee.ts","statementMap":{"0":{"start":{"line":1,"column":13},"end":{"line":7,"column":2}},"1":{"start":{"line":9,"column":13},"end":{"line":15,"column":2}},"2":{"start":{"line":17,"column":13},"end":{"line":23,"column":2}}},"fnMap":{},"branchMap":{},"s":{"0":1,"1":1,"2":1},"f":{},"b":{}}
}
