TN:
SF:src/Controllers/Employee.Controller.ts
FN:7,(anonymous_8)
FN:15,(anonymous_9)
FN:27,(anonymous_11)
FN:39,(anonymous_13)
FN:60,(anonymous_15)
FN:82,(anonymous_17)
FNF:6
FNH:6
FNDA:1,(anonymous_8)
FNDA:1,(anonymous_9)
FNDA:5,(anonymous_11)
FNDA:2,(anonymous_13)
FNDA:2,(anonymous_15)
FNDA:2,(anonymous_17)
DA:2,1
DA:3,1
DA:5,1
DA:6,1
DA:8,1
DA:9,1
DA:10,1
DA:11,1
DA:12,1
DA:16,1
DA:17,1
DA:18,1
DA:22,0
DA:23,0
DA:28,5
DA:29,5
DA:30,5
DA:34,0
DA:35,0
DA:44,2
DA:45,2
DA:47,2
DA:48,2
DA:49,1
DA:51,1
DA:55,0
DA:56,0
DA:65,2
DA:66,2
DA:68,2
DA:69,2
DA:70,1
DA:72,1
DA:73,1
DA:77,0
DA:78,0
DA:83,2
DA:84,2
DA:86,2
DA:88,2
DA:89,1
DA:91,1
DA:92,1
DA:102,0
DA:103,0
LF:45
LH:35
BRDA:48,0,0,1
BRDA:69,1,0,1
BRDA:88,2,0,1
BRF:3
BRH:3
end_of_record
TN:
SF:src/Middleware/Validation.ts
FN:3,(anonymous_0)
FN:4,(anonymous_1)
FN:14,(anonymous_2)
FNF:3
FNH:3
FNDA:2,(anonymous_0)
FNDA:9,(anonymous_1)
FNDA:10,(anonymous_2)
DA:3,1
DA:4,2
DA:5,9
DA:8,9
DA:9,9
DA:10,7
DA:12,2
DA:13,2
DA:14,2
DA:15,10
DA:19,2
DA:23,1
LF:12
LH:12
BRDA:9,0,0,7
BRDA:9,0,1,2
BRF:2
BRH:2
end_of_record
TN:
SF:src/Models/Employee.ts
FN:40,(anonymous_6)
FNF:1
FNH:1
FNDA:7,(anonymous_6)
DA:1,1
DA:12,1
DA:41,7
DA:42,7
DA:43,7
DA:49,1
DA:50,1
LF:7
LH:7
BRF:0
BRH:0
end_of_record
TN:
SF:src/Repository/Employee.Repository.ts
FN:4,(anonymous_7)
FN:20,(anonymous_9)
FN:25,(anonymous_11)
FN:30,(anonymous_13)
FN:37,(anonymous_15)
FNF:5
FNH:5
FNDA:1,(anonymous_7)
FNDA:5,(anonymous_9)
FNDA:6,(anonymous_11)
FNDA:1,(anonymous_13)
FNDA:1,(anonymous_15)
DA:2,1
DA:3,1
DA:10,1
DA:11,1
DA:12,1
DA:13,1
DA:14,1
DA:15,1
DA:16,1
DA:17,1
DA:21,5
DA:22,5
DA:26,6
DA:27,6
DA:31,1
DA:34,1
DA:38,1
DA:39,1
LF:18
LH:18
BRDA:10,0,0,1
BRDA:10,0,1,1
BRDA:11,1,0,1
BRDA:11,1,1,1
BRF:4
BRH:4
end_of_record
TN:
SF:src/Routes/Employee.ts
FNF:0
FNH:0
DA:1,1
DA:2,1
DA:3,1
DA:4,1
DA:6,1
DA:7,1
DA:9,1
DA:10,1
DA:15,1
DA:16,1
DA:21,1
DA:24,1
LF:12
LH:12
BRF:0
BRH:0
end_of_record
TN:
SF:src/Routes/Index.ts
FNF:0
FNH:0
DA:1,1
DA:2,1
DA:4,1
DA:6,1
DA:8,1
LF:5
LH:5
BRF:0
BRH:0
end_of_record
TN:
SF:src/SchemaValidation/EmployeeSchema.ts
FNF:0
FNH:0
DA:1,1
DA:3,1
LF:2
LH:2
BRF:0
BRH:0
end_of_record
TN:
SF:src/Services/Employee.Service.ts
FN:5,(anonymous_8)
FN:87,(anonymous_9)
FN:8,(anonymous_10)
FN:24,(anonymous_12)
FN:42,(anonymous_14)
FN:53,(anonymous_16)
FN:72,(anonymous_18)
FNF:7
FNH:7
FNDA:1,(anonymous_8)
FNDA:6,(anonymous_9)
FNDA:1,(anonymous_10)
FNDA:5,(anonymous_12)
FNDA:6,(anonymous_14)
FNDA:1,(anonymous_16)
FNDA:1,(anonymous_18)
DA:1,1
DA:3,1
DA:5,1
DA:6,1
DA:9,1
DA:10,1
DA:11,1
DA:17,1
DA:19,0
DA:20,0
DA:25,5
DA:26,5
DA:27,5
DA:28,5
DA:31,5
DA:32,5
DA:34,0
DA:35,0
DA:36,0
DA:38,5
DA:43,6
DA:45,6
DA:46,6
DA:48,0
DA:49,0
DA:54,1
DA:55,1
DA:56,1
DA:57,1
DA:61,1
DA:62,1
DA:64,0
DA:65,0
DA:66,0
DA:68,1
DA:73,1
DA:74,1
DA:75,1
DA:76,1
DA:77,1
DA:78,1
DA:80,0
DA:81,0
DA:83,1
DA:87,1
DA:88,6
LF:46
LH:34
BRDA:95,0,0,0
BRDA:95,0,1,6
BRDA:95,1,0,6
BRDA:95,1,1,6
BRF:4
BRH:3
end_of_record
TN:
SF:src/Utils/CommonResponse.ts
FN:1,(anonymous_0)
FNF:1
FNH:1
FNDA:12,(anonymous_0)
DA:1,1
DA:6,12
LF:2
LH:2
BRDA:6,0,0,12
BRDA:6,0,1,0
BRDA:6,1,0,12
BRDA:6,1,1,12
BRF:4
BRH:3
end_of_record
TN:
SF:src/Utils/Server.ts
FN:5,crateServer
FNF:1
FNH:1
FNDA:1,crateServer
DA:1,1
DA:2,1
DA:3,1
DA:6,1
DA:7,1
DA:8,1
DA:9,1
DA:10,1
DA:12,1
DA:14,1
LF:10
LH:10
BRF:0
BRH:0
end_of_record
TN:
SF:src/__tests__/Payload/Employee.ts
FNF:0
FNH:0
DA:1,1
DA:9,1
DA:17,1
LF:3
LH:3
BRF:0
BRH:0
end_of_record
